
> gulyaly@0.1.0 build
> next build

тЪа Warning: Next.js inferred your workspace root, but it may not be correct.
 We detected multiple lockfiles and selected the directory of C:\Users\miste\package-lock.json as the root directory.
 To silence this warning, set `turbopack.root` in your Next.js config, or consider removing one of the lockfiles if it's not needed.
   See https://nextjs.org/docs/app/api-reference/config/next-config-js/turbopack#root-directory for more information.
 Detected additional lockfiles: 
   * C:\Users\miste\Downloads\codeakgus\package-lock.json

тЦ▓ Next.js 16.1.1 (Turbopack)
- Environments: .env

  Creating an optimized production build ...
тЬУ Compiled successfully in 13.4s
  Running TypeScript ...
Failed to compile.

./components/admin/AdminDashboard.tsx:24:8
Type error: Cannot find module 'lucide-react' or its corresponding type declarations.

  22 |   Globe,
  23 |   Lock
> 24 | } from 'lucide-react';
     |        ^
  25 |
  26 | interface DashboardStats {
  27 |   totalUsers: number;
Next.js build worker exited with code: 1 and signal: null
